
 Proprietary Notice
 This application contains the confidential and
 proprietary trade secrets of Schlumberger and may
 not be copied or stored in an information retrieval
 system, transferred, used, distributed, translated,
 or retransmitted in any form or by any means, electronic
 or mechanical, in whole or in part, without the
 express written permission of the copyright owner.

 ECLIPSE is a mark of Schlumberger. Copyright (c)
 1981-2018 Schlumberger. All rights reserved.

     1 READING RUNSPEC
     2 READING FAULTDIM
     3 READING ENDSCALE
     4 READING TITLE
     5 READING WELLDIMS
     6 READING START
     7 READING WATER
     8 READING OIL
     9 READING PETOPTS
    10 READING MONITOR
    11 READING MULTOUT
    12 READING METRIC
    13 READING DIMENS
    14 READING TABDIMS
    15 READING UNIFOUT
    16 READING GRID

 @--MESSAGE  AT TIME        0.0   DAYS    ( 1-JAN-2010):
 @           CHECKING FOR LICENSES

 @--MESSAGE  AT TIME        0.0   DAYS    ( 1-JAN-2010):
 @           CHECKING FOR LICENSES

 @--MESSAGE  AT TIME        0.0   DAYS    ( 1-JAN-2010):
 @           THE MEMORY REQUIRED TO PROCESS THE GRID SECTION IS
 @                 5390 KBYTES
    18 READING INCLUDE TRUTH_CASE_GRID.INC
    19 READING JFUNCR

 @--COMMENT  AT TIME        0.0   DAYS    ( 1-JAN-2010):
 @           J-FUNCTION CALCULATION WILL USE
 @           PERMEABILITIES FOR JFUNCR TABLE 1
    20 READING INIT
    21 READING GRIDFILE
    22 READING GRIDUNIT
    23 READING MAPUNITS
    24 READING PINCH
    25 READING FAULTS
               END OF INCLUDE FILE
    26 READING NOECHO
    27 READING PETGRID

 @--MESSAGE  AT TIME        0.0   DAYS    ( 1-JAN-2010):
 @           THE .GSG FILE HAS BEEN OPENED SUCCESSFULLY.
 @           GRID WILL BE TREATED AS IF IN GDFILE FORMAT

 @--MESSAGE  AT TIME        0.0   DAYS    ( 1-JAN-2010):
 @           CORNER POINT GRID WITH STRAIGHT PILLARS BEING IMPORTED

 @--MESSAGE  AT TIME        0.0   DAYS    ( 1-JAN-2010):
 @           GLOBAL GRID GEOMETRY IMPORTED USING .GSG FILE HAS
 @           BEEN READ SUCCESSFULLY. THE INPUT GRID IS
 @             24 x 18 x 15

 @--MESSAGE  AT TIME        0.0   DAYS    ( 1-JAN-2010):
 @           KEYWORD ACTNUM   IMPORTED FROM .GSG FILE

 @--MESSAGE  AT TIME        0.0   DAYS    ( 1-JAN-2010):
 @           KEYWORD PERMX    IMPORTED FROM .GSG FILE

 @--MESSAGE  AT TIME        0.0   DAYS    ( 1-JAN-2010):
 @           KEYWORD PERMY    IMPORTED FROM .GSG FILE

 @--MESSAGE  AT TIME        0.0   DAYS    ( 1-JAN-2010):
 @           KEYWORD PERMZ    IMPORTED FROM .GSG FILE

 @--MESSAGE  AT TIME        0.0   DAYS    ( 1-JAN-2010):
 @           KEYWORD PORO     IMPORTED FROM .GSG FILE

 @--MESSAGE  AT TIME        0.0   DAYS    ( 1-JAN-2010):
 @           KEYWORD NTG      IMPORTED FROM .GSG FILE
    28 READING ECHO
    29 READING EDIT

 @--MESSAGE  AT TIME        0.0   DAYS    ( 1-JAN-2010):
 @           NEITHER OLDTRAN,OLDTRANR NOR NEWTRAN SPECIFIED
 @           TRANSMISSIBILITIES TO BE CALCULATED
 @           USING  NEWTRAN
    30 READING INCLUDE TRUTH_CASE_EDIT.INC
    31 READING MULTFLT
               END OF INCLUDE FILE
    32 READING PROPS

 @--MESSAGE  AT TIME        0.0   DAYS    ( 1-JAN-2010):
 @                3   NON-NEIGHBOUR CONNECTIONS NNCS HAVE BEEN
 @           DELETED SINCE THEY HAVE ZERO TRANSMISSIBILITY
 @           AFTER PROCESSING THE EDIT SECTION

 @--MESSAGE  AT TIME        0.0   DAYS    ( 1-JAN-2010):
 @                 14 NON-NEIGHBOUR CONNECTIONS HAVE BEEN IGNORED
 @           AS THEIR TRANSMISSIBILITY IS LESS THAN 0.100000E-05

 @--MESSAGE  AT TIME        0.0   DAYS    ( 1-JAN-2010):
 @           444 NON-NEIGHBOUR CONNECTIONS PRESENT

 @--MESSAGE  AT TIME        0.0   DAYS    ( 1-JAN-2010):
 @           NUMBER OF ACTIVE CELLS IS 6337

 @--MESSAGE  AT TIME        0.0   DAYS    ( 1-JAN-2010):
 @           THE MEMORY REQUIRED TO PROCESS THE SOLUTION SECTION IS
 @                 9601 KBYTES

 @--MESSAGE  AT TIME        0.0   DAYS    ( 1-JAN-2010):
 @              62229 CHARACTER VARIABLES USED

 @--MESSAGE  AT TIME        0.0   DAYS    ( 1-JAN-2010):
 @           KEYWORD SWL      IMPORTED FROM .GSG FILE

 @--MESSAGE  AT TIME        0.0   DAYS    ( 1-JAN-2010):
 @           KEYWORD SOWCR    IMPORTED FROM .GSG FILE

 @--MESSAGE  AT TIME        0.0   DAYS    ( 1-JAN-2010):
 @           KEYWORD SWCR     IMPORTED FROM .GSG FILE

 @--MESSAGE  AT TIME        0.0   DAYS    ( 1-JAN-2010):
 @           KEYWORD SWU      IMPORTED FROM .GSG FILE

 @--MESSAGE  AT TIME        0.0   DAYS    ( 1-JAN-2010):
 @           KEYWORD SWATINIT IMPORTED FROM .GSG FILE
    33 READING INCLUDE TRUTH_CASE_PROPS.INC
    34 READING ROCKOPTS
    35 READING ROCK

 @--MESSAGE  AT TIME        0.0   DAYS    ( 1-JAN-2010):
 @           THE ROCK DATA FOR EACH BLOCK WILL CORRESPOND
 @           TO THE ROCK REGION NUMBERS (ROCKNUM) AS THE
 @           THIRD ITEM IN THE ROCKOPTS KEYWORD HAS BEEN
 @           SET TO ROCKNUM
    36 READING PVTW
    37 READING RSCONSTT
    38 READING PVDO
    39 READING DENSITY
    40 READING FILLEPS
    41 READING SWOF
               END OF INCLUDE FILE
    42 READING REGIONS

 @--WARNING  AT TIME        0.0   DAYS    ( 1-JAN-2010):
 @           IF THE CAP-PRESSURE SCALING TO AN INITIAL WATER
 @           SATURATION OPTION (SWATINIT KEYWORD) IS USED
 @           WITH EITHER THE J-FUNCTION OPTION OR THE
 @           PCW KEYWORD THE SWATINIT DATA WHERE SPECIFIED
 @           WILL BE USED.

 @--MESSAGE  AT TIME        0.0   DAYS    ( 1-JAN-2010):
 @           KEYWORD SATNUM   IMPORTED FROM .GSG FILE

 @--MESSAGE  AT TIME        0.0   DAYS    ( 1-JAN-2010):
 @           KEYWORD PVTNUM   IMPORTED FROM .GSG FILE

 @--MESSAGE  AT TIME        0.0   DAYS    ( 1-JAN-2010):
 @           KEYWORD ROCKNUM  IMPORTED FROM .GSG FILE

 @--MESSAGE  AT TIME        0.0   DAYS    ( 1-JAN-2010):
 @           KEYWORD EQLNUM   IMPORTED FROM .GSG FILE
    43 READING NOECHO
    44 READING ECHO
    45 READING SOLUTION
    46 READING INCLUDE TRUTH_CASE_SOL.INC
    47 READING EQUIL
    48 READING RPTSOL
               END OF INCLUDE FILE
    49 READING SUMMARY
    50 READING INCLUDE TRUTH_CASE_SUM.INC
    51 READING FWITH
    52 READING FWIT
    53 READING FWIRH
    54 READING FWIR
    55 READING FWPTH
    56 READING FWPT
    57 READING FWPRH
    58 READING FWPR
    59 READING FOPTH
    60 READING FOPT
    61 READING WOPI2
    62 READING WOPI
    63 READING WOIRT
    64 READING WOIR
    65 READING WOIRH
    66 READING FOPRH
    67 READING FOPR
    68 READING WOIR
    69 READING WOIRH
    70 READING WBP9
    71 READING FGPTH
    72 READING FGPT
    73 READING FGPRH
    74 READING FGPR
    75 READING FLPTH
    76 READING FLPT
    77 READING FLPRH
    78 READING FLPR
    79 READING FPR
    80 READING WWCTH
    81 READING WWCT
    82 READING WWITH
    83 READING WWIT
    84 READING WWIRH
    85 READING WWIR
    86 READING WWPRH
    87 READING WWPR
    88 READING WOPTH
    89 READING WOPT
    90 READING WOPRH
    91 READING WOPR
    92 READING WGPTH
    93 READING WGPT
    94 READING WGPRH
    95 READING WGPR
    96 READING WLPTH
    97 READING WLPT
    98 READING WLPRH
    99 READING WLPR
   100 READING WBHP
   101 READING WBHPH
   102 READING FWCTH
   103 READING FWCT
   104 READING WSTAT
   105 READING WWGR
   106 READING FWGR
   107 READING FRV
   108 READING WTHP
   109 READING TIMESTEP
   110 READING FRS
   111 READING WVPR
   112 READING FVPR
   113 READING WVPT
   114 READING FVPT
   115 READING WVIR
   116 READING FVIR
   117 READING WVIT
   118 READING FVIT
   119 READING WPI
   120 READING WEPR
   121 READING WWPT
   122 READING FWIP
   123 READING FOIPG
   124 READING FGIPL
   125 READING FOIP
   126 READING FOIPL
   127 READING FGIP
   128 READING FGIPG
   129 READING FOIR
   130 READING WGIR
   131 READING FGIR
   132 READING WOIT
   133 READING FOIT
   134 READING WGIT
   135 READING FGIT
   136 READING WGOR
   137 READING FGOR
               END OF INCLUDE FILE
   138 READING SCHEDULE
   139 READING INCLUDE TRUTH_CASE_SCH.INC
   140 READING RPTSCHED
   141 READING SKIP
       SKIPPING KEYWORDS
   142 READING ENDSKIP
   143 READING WELSPECS
   144 READING COMPDAT
   145 READING GRUPTREE
   146 READING WCONHIST

 @--MESSAGE  AT TIME        0.0   DAYS    ( 1-JAN-2010):
 @           OPENING WELL P1       AT TIME      0.00   DAYS
 @           CONTROLLED BY LIQUID RATE
   147 READING WELTARG
   148 READING DATES
 STEP    1 TIME=      1.00  DAYS (    +1.0  DAYS INIT  3 ITS) (2-JAN-2010)
  PAV=   239.2  BARSA  WCT=0.056 GOR=    21.69  SM3/SM3 WGR=   0.0027  SM3/SM3
 STEP    2 TIME=      2.83  DAYS (    +1.8  DAYS TRNC  3 ITS) (3-JAN-2010)
  PAV=   237.8  BARSA  WCT=0.124 GOR=    21.69  SM3/SM3 WGR=   0.0065  SM3/SM3
 STEP    3 TIME=      6.58  DAYS (    +3.7  DAYS TRNC  3 ITS) (7-JAN-2010)
  PAV=   235.1  BARSA  WCT=0.253 GOR=    21.69  SM3/SM3 WGR=   0.0156  SM3/SM3
 STEP    4 TIME=     12.92  DAYS (    +6.3  DAYS TRNC  3 ITS) (13-JAN-2010)
  PAV=   230.8  BARSA  WCT=0.388 GOR=    21.69  SM3/SM3 WGR=   0.0292  SM3/SM3
 STEP    5 TIME=     21.96  DAYS (    +9.0  DAYS HALF  3 ITS) (22-JAN-2010)
  PAV=   224.5  BARSA  WCT=0.472 GOR=    21.69  SM3/SM3 WGR=   0.0412  SM3/SM3
 STEP    6 TIME=     31.00  DAYS (    +9.0  DAYS REPT  2 ITS) (1-FEB-2010)
  PAV=   218.3  BARSA  WCT=0.513 GOR=    21.69  SM3/SM3 WGR=   0.0485  SM3/SM3
   149 READING WCONHIST
   150 READING DATES
 STEP    7 TIME=     45.00  DAYS (   +14.0  DAYS HALF  2 ITS) (15-FEB-2010)
  PAV=   210.2  BARSA  WCT=0.542 GOR=    21.69  SM3/SM3 WGR=   0.0546  SM3/SM3
 STEP    8 TIME=     59.00  DAYS (   +14.0  DAYS REPT  2 ITS) (1-MAR-2010)
  PAV=   202.0  BARSA  WCT=0.560 GOR=    21.69  SM3/SM3 WGR=   0.0587  SM3/SM3
   151 READING WCONHIST
   152 READING DATES
 STEP    9 TIME=     90.00  DAYS (   +31.0  DAYS REPT  3 ITS) (1-APR-2010)
  PAV=   187.2  BARSA  WCT=0.580 GOR=    21.69  SM3/SM3 WGR=   0.0638  SM3/SM3
   153 READING WCONHIST
   154 READING DATES
 STEP   10 TIME=    120.00  DAYS (   +30.0  DAYS REPT  4 ITS) (1-MAY-2010)
  PAV=   175.4  BARSA  WCT=0.591 GOR=    21.69  SM3/SM3 WGR=   0.0665  SM3/SM3
   155 READING WCONHIST
   156 READING DATES
 STEP   11 TIME=    151.00  DAYS (   +31.0  DAYS REPT  3 ITS) (1-JUN-2010)
  PAV=   165.5  BARSA  WCT=0.596 GOR=    21.69  SM3/SM3 WGR=   0.0680  SM3/SM3
   157 READING WCONHIST
   158 READING DATES
 STEP   12 TIME=    181.00  DAYS (   +30.0  DAYS REPT  3 ITS) (1-JLY-2010)
  PAV=   157.7  BARSA  WCT=0.598 GOR=    21.69  SM3/SM3 WGR=   0.0687  SM3/SM3
   159 READING WELSPECS
   160 READING COMPDAT
   161 READING WCONINJH

 @--MESSAGE  AT TIME      181.0   DAYS    ( 1-JLY-2010):
 @           OPENING WELL I2       AT TIME    181.00   DAYS
 @           CONTROLLED BY WATER RATE
   162 READING WCONHIST
   163 READING WELTARG
   164 READING DATES
 STEP   13 TIME=    212.00  DAYS (   +31.0  DAYS REPT  4 ITS) (1-AUG-2010)
  PAV=   157.3  BARSA  WCT=0.613 GOR=    21.69  SM3/SM3 WGR=   0.0731  SM3/SM3
   165 READING WCONINJH
   166 READING WCONHIST
   167 READING DATES
 STEP   14 TIME=    243.00  DAYS (   +31.0  DAYS REPT  3 ITS) (1-SEP-2010)
  PAV=   157.3  BARSA  WCT=0.627 GOR=    21.69  SM3/SM3 WGR=   0.0774  SM3/SM3
   168 READING WCONINJH
   169 READING WCONHIST
   170 READING DATES
 STEP   15 TIME=    273.00  DAYS (   +30.0  DAYS REPT  3 ITS) (1-OCT-2010)
  PAV=   157.3  BARSA  WCT=0.638 GOR=    21.69  SM3/SM3 WGR=   0.0813  SM3/SM3
   171 READING WCONINJH
   172 READING WCONHIST
   173 READING DATES
 STEP   16 TIME=    304.00  DAYS (   +31.0  DAYS REPT  3 ITS) (1-NOV-2010)
  PAV=   157.3  BARSA  WCT=0.649 GOR=    21.69  SM3/SM3 WGR=   0.0851  SM3/SM3
   174 READING WCONINJH
   175 READING WCONHIST
   176 READING DATES
 STEP   17 TIME=    334.00  DAYS (   +30.0  DAYS REPT  3 ITS) (1-DEC-2010)
  PAV=   157.3  BARSA  WCT=0.658 GOR=    21.69  SM3/SM3 WGR=   0.0885  SM3/SM3
   177 READING WCONINJH
   178 READING WCONHIST
   179 READING DATES
 STEP   18 TIME=    365.00  DAYS (   +31.0  DAYS REPT  3 ITS) (1-JAN-2011)
  PAV=   157.3  BARSA  WCT=0.666 GOR=    21.69  SM3/SM3 WGR=   0.0920  SM3/SM3
   180 READING WELSPECS
   181 READING COMPDAT
   182 READING WCONINJH
   183 READING WCONHIST

 @--MESSAGE  AT TIME      365.0   DAYS    ( 1-JAN-2011):
 @           OPENING WELL P2       AT TIME    365.00   DAYS
 @           CONTROLLED BY LIQUID RATE
   184 READING WELTARG
   185 READING DATES
 STEP   19 TIME=    396.00  DAYS (   +31.0  DAYS REPT  6 ITS) (1-FEB-2011)
  PAV=   156.1  BARSA  WCT=0.331 GOR=    21.69  SM3/SM3 WGR=   0.0228  SM3/SM3
   186 READING WCONINJH
   187 READING WCONHIST
   188 READING DATES
 STEP   20 TIME=    424.00  DAYS (   +28.0  DAYS REPT  5 ITS) (1-MAR-2011)
  PAV=   156.2  BARSA  WCT=0.379 GOR=    21.69  SM3/SM3 WGR=   0.0281  SM3/SM3
   189 READING WCONINJH
   190 READING WCONHIST
   191 READING DATES
 STEP   21 TIME=    455.00  DAYS (   +31.0  DAYS REPT  6 ITS) (1-APR-2011)
  PAV=   156.4  BARSA  WCT=0.428 GOR=    21.69  SM3/SM3 WGR=   0.0345  SM3/SM3
   192 READING WCONINJH
   193 READING WCONHIST
   194 READING DATES
 STEP   22 TIME=    485.00  DAYS (   +30.0  DAYS REPT  5 ITS) (1-MAY-2011)
  PAV=   156.5  BARSA  WCT=0.470 GOR=    21.69  SM3/SM3 WGR=   0.0409  SM3/SM3
   195 READING WCONINJH
   196 READING WCONHIST
   197 READING DATES
 STEP   23 TIME=    516.00  DAYS (   +31.0  DAYS REPT  5 ITS) (1-JUN-2011)
  PAV=   156.5  BARSA  WCT=0.505 GOR=    21.69  SM3/SM3 WGR=   0.0470  SM3/SM3
   198 READING WCONINJH
   199 READING WCONHIST
   200 READING DATES
 STEP   24 TIME=    546.00  DAYS (   +30.0  DAYS REPT  4 ITS) (1-JLY-2011)
  PAV=   156.5  BARSA  WCT=0.534 GOR=    21.69  SM3/SM3 WGR=   0.0529  SM3/SM3
   201 READING WELSPECS
   202 READING COMPDAT
   203 READING WCONINJH

 @--MESSAGE  AT TIME      546.0   DAYS    ( 1-JLY-2011):
 @           OPENING WELL I3       AT TIME    546.00   DAYS
 @           CONTROLLED BY WATER RATE
   204 READING WCONHIST
   205 READING WELTARG
   206 READING DATES
 STEP   25 TIME=    577.00  DAYS (   +31.0  DAYS REPT  5 ITS) (1-AUG-2011)
  PAV=   157.0  BARSA  WCT=0.545 GOR=    21.69  SM3/SM3 WGR=   0.0553  SM3/SM3
   207 READING WCONINJH
   208 READING WCONHIST
   209 READING DATES
 STEP   26 TIME=    608.00  DAYS (   +31.0  DAYS REPT  3 ITS) (1-SEP-2011)
  PAV=   157.1  BARSA  WCT=0.560 GOR=    21.69  SM3/SM3 WGR=   0.0586  SM3/SM3
   210 READING WCONINJH
   211 READING WCONHIST
   212 READING DATES
 STEP   27 TIME=    638.00  DAYS (   +30.0  DAYS REPT  4 ITS) (1-OCT-2011)
  PAV=   157.2  BARSA  WCT=0.574 GOR=    21.69  SM3/SM3 WGR=   0.0621  SM3/SM3
   213 READING WCONINJH
   214 READING WCONHIST
   215 READING DATES
 STEP   28 TIME=    669.00  DAYS (   +31.0  DAYS REPT  4 ITS) (1-NOV-2011)
  PAV=   157.2  BARSA  WCT=0.588 GOR=    21.69  SM3/SM3 WGR=   0.0658  SM3/SM3
   216 READING WCONINJH
   217 READING WCONHIST
   218 READING DATES
 STEP   29 TIME=    699.00  DAYS (   +30.0  DAYS REPT  4 ITS) (1-DEC-2011)
  PAV=   157.2  BARSA  WCT=0.600 GOR=    21.69  SM3/SM3 WGR=   0.0692  SM3/SM3
   219 READING WCONINJH
   220 READING WCONHIST
   221 READING DATES
 STEP   30 TIME=    730.00  DAYS (   +31.0  DAYS REPT  3 ITS) (1-JAN-2012)
  PAV=   157.2  BARSA  WCT=0.612 GOR=    21.69  SM3/SM3 WGR=   0.0728  SM3/SM3
   222 READING WELSPECS
   223 READING COMPDAT
   224 READING WCONINJH
   225 READING WCONHIST

 @--MESSAGE  AT TIME      730.0   DAYS    ( 1-JAN-2012):
 @           OPENING WELL P3       AT TIME    730.00   DAYS
 @           CONTROLLED BY LIQUID RATE
   226 READING WELTARG
   227 READING DATES
 STEP   31 TIME=    761.00  DAYS (   +31.0  DAYS REPT  6 ITS) (1-FEB-2012)
  PAV=   156.0  BARSA  WCT=0.434 GOR=    21.69  SM3/SM3 WGR=   0.0354  SM3/SM3
   228 READING WCONINJH
   229 READING WCONHIST
   230 READING DATES
 STEP   32 TIME=    790.00  DAYS (   +29.0  DAYS REPT  4 ITS) (1-MAR-2012)
  PAV=   155.9  BARSA  WCT=0.460 GOR=    21.69  SM3/SM3 WGR=   0.0393  SM3/SM3
   231 READING WCONINJH
   232 READING WCONHIST
   233 READING DATES
 STEP   33 TIME=    821.00  DAYS (   +31.0  DAYS REPT  6 ITS) (1-APR-2012)
  PAV=   156.0  BARSA  WCT=0.483 GOR=    21.69  SM3/SM3 WGR=   0.0430  SM3/SM3
   234 READING WCONINJH
   235 READING WCONHIST
   236 READING DATES
 STEP   34 TIME=    851.00  DAYS (   +30.0  DAYS REPT  5 ITS) (1-MAY-2012)
  PAV=   156.1  BARSA  WCT=0.504 GOR=    21.69  SM3/SM3 WGR=   0.0468  SM3/SM3
   237 READING WCONINJH
   238 READING WCONHIST
   239 READING DATES
 STEP   35 TIME=    882.00  DAYS (   +31.0  DAYS REPT  4 ITS) (1-JUN-2012)
  PAV=   156.1  BARSA  WCT=0.526 GOR=    21.69  SM3/SM3 WGR=   0.0512  SM3/SM3
   240 READING WCONINJH
   241 READING WCONHIST
   242 READING DATES
 STEP   36 TIME=    912.00  DAYS (   +30.0  DAYS REPT  4 ITS) (1-JLY-2012)
  PAV=   156.2  BARSA  WCT=0.550 GOR=    21.69  SM3/SM3 WGR=   0.0563  SM3/SM3
   243 READING WELSPECS
   244 READING COMPDAT
   245 READING WCONINJH

 @--MESSAGE  AT TIME      912.0   DAYS    ( 1-JLY-2012):
 @           OPENING WELL I1       AT TIME    912.00   DAYS
 @           CONTROLLED BY WATER RATE
   246 READING WCONHIST
   247 READING WELTARG
   248 READING DATES
 STEP   37 TIME=    943.00  DAYS (   +31.0  DAYS REPT  5 ITS) (1-AUG-2012)
  PAV=   156.6  BARSA  WCT=0.568 GOR=    21.69  SM3/SM3 WGR=   0.0607  SM3/SM3
   249 READING WCONINJH
   250 READING WCONHIST
   251 READING DATES
 STEP   38 TIME=    974.00  DAYS (   +31.0  DAYS REPT  5 ITS) (1-SEP-2012)
  PAV=   156.7  BARSA  WCT=0.583 GOR=    21.69  SM3/SM3 WGR=   0.0646  SM3/SM3
   252 READING WCONINJH
   253 READING WCONHIST
   254 READING DATES
 STEP   39 TIME=   1004.00  DAYS (   +30.0  DAYS REPT  4 ITS) (1-OCT-2012)
  PAV=   156.7  BARSA  WCT=0.597 GOR=    21.69  SM3/SM3 WGR=   0.0683  SM3/SM3
   255 READING WCONINJH
   256 READING WCONHIST
   257 READING DATES
 STEP   40 TIME=   1035.00  DAYS (   +31.0  DAYS REPT  4 ITS) (1-NOV-2012)
  PAV=   156.7  BARSA  WCT=0.611 GOR=    21.69  SM3/SM3 WGR=   0.0723  SM3/SM3
   258 READING WCONINJH
   259 READING WCONHIST
   260 READING DATES
 STEP   41 TIME=   1065.00  DAYS (   +30.0  DAYS REPT  4 ITS) (1-DEC-2012)
  PAV=   156.7  BARSA  WCT=0.623 GOR=    21.69  SM3/SM3 WGR=   0.0761  SM3/SM3
   261 READING WCONINJH
   262 READING WCONHIST
   263 READING DATES
 STEP   42 TIME=   1096.00  DAYS (   +31.0  DAYS REPT  4 ITS) (1-JAN-2013)
  PAV=   156.8  BARSA  WCT=0.634 GOR=    21.69  SM3/SM3 WGR=   0.0799  SM3/SM3
   264 READING WCONINJH
   265 READING WCONHIST
   266 READING DATES
 STEP   43 TIME=   1127.00  DAYS (   +31.0  DAYS REPT  3 ITS) (1-FEB-2013)
  PAV=   156.8  BARSA  WCT=0.645 GOR=    21.69  SM3/SM3 WGR=   0.0836  SM3/SM3
   267 READING WCONINJH
   268 READING WCONHIST
   269 READING DATES
 STEP   44 TIME=   1155.00  DAYS (   +28.0  DAYS REPT  4 ITS) (1-MAR-2013)
  PAV=   156.8  BARSA  WCT=0.653 GOR=    21.69  SM3/SM3 WGR=   0.0869  SM3/SM3
   270 READING WCONINJH
   271 READING WCONHIST
   272 READING DATES
 STEP   45 TIME=   1186.00  DAYS (   +31.0  DAYS REPT  5 ITS) (1-APR-2013)
  PAV=   156.8  BARSA  WCT=0.662 GOR=    21.69  SM3/SM3 WGR=   0.0905  SM3/SM3
   273 READING WCONINJH
   274 READING WCONHIST
   275 READING DATES
 STEP   46 TIME=   1216.00  DAYS (   +30.0  DAYS REPT  3 ITS) (1-MAY-2013)
  PAV=   156.8  BARSA  WCT=0.671 GOR=    21.69  SM3/SM3 WGR=   0.0939  SM3/SM3
   276 READING WCONINJH
   277 READING WCONHIST
   278 READING DATES
 STEP   47 TIME=   1247.00  DAYS (   +31.0  DAYS REPT  4 ITS) (1-JUN-2013)
  PAV=   156.8  BARSA  WCT=0.679 GOR=    21.69  SM3/SM3 WGR=   0.0974  SM3/SM3
   279 READING WCONINJH
   280 READING WCONHIST
   281 READING DATES
 STEP   48 TIME=   1277.00  DAYS (   +30.0  DAYS REPT  3 ITS) (1-JLY-2013)
  PAV=   156.8  BARSA  WCT=0.686 GOR=    21.69  SM3/SM3 WGR=   0.1008  SM3/SM3
   282 READING WCONINJH
   283 READING WCONHIST
   284 READING DATES
 STEP   49 TIME=   1308.00  DAYS (   +31.0  DAYS REPT  3 ITS) (1-AUG-2013)
  PAV=   156.8  BARSA  WCT=0.693 GOR=    21.69  SM3/SM3 WGR=   0.1042  SM3/SM3
   285 READING WCONINJH
   286 READING WCONHIST
   287 READING DATES
 STEP   50 TIME=   1339.00  DAYS (   +31.0  DAYS REPT  4 ITS) (1-SEP-2013)
  PAV=   156.8  BARSA  WCT=0.700 GOR=    21.69  SM3/SM3 WGR=   0.1076  SM3/SM3
   288 READING WCONINJH
   289 READING WCONHIST
   290 READING DATES
 STEP   51 TIME=   1369.00  DAYS (   +30.0  DAYS REPT  3 ITS) (1-OCT-2013)
  PAV=   156.8  BARSA  WCT=0.706 GOR=    21.69  SM3/SM3 WGR=   0.1108  SM3/SM3
   291 READING WCONINJH
   292 READING WCONHIST
   293 READING DATES
 STEP   52 TIME=   1400.00  DAYS (   +31.0  DAYS REPT  3 ITS) (1-NOV-2013)
  PAV=   156.8  BARSA  WCT=0.712 GOR=    21.69  SM3/SM3 WGR=   0.1142  SM3/SM3
   294 READING WCONINJH
   295 READING WCONHIST
   296 READING DATES
 STEP   53 TIME=   1430.00  DAYS (   +30.0  DAYS REPT  4 ITS) (1-DEC-2013)
  PAV=   156.8  BARSA  WCT=0.718 GOR=    21.69  SM3/SM3 WGR=   0.1175  SM3/SM3
   297 READING WCONINJH
   298 READING WCONHIST
   299 READING DATES
 STEP   54 TIME=   1461.00  DAYS (   +31.0  DAYS REPT  3 ITS) (1-JAN-2014)
  PAV=   156.9  BARSA  WCT=0.724 GOR=    21.69  SM3/SM3 WGR=   0.1210  SM3/SM3
   300 READING WCONINJH
   301 READING WCONHIST
   302 READING DATES
 STEP   55 TIME=   1492.00  DAYS (   +31.0  DAYS REPT  4 ITS) (1-FEB-2014)
  PAV=   156.9  BARSA  WCT=0.730 GOR=    21.69  SM3/SM3 WGR=   0.1245  SM3/SM3
   303 READING WCONINJH
   304 READING WCONHIST
   305 READING DATES
 STEP   56 TIME=   1520.00  DAYS (   +28.0  DAYS REPT  2 ITS) (1-MAR-2014)
  PAV=   156.9  BARSA  WCT=0.735 GOR=    21.69  SM3/SM3 WGR=   0.1278  SM3/SM3
   306 READING WCONINJH
   307 READING WCONHIST
   308 READING DATES
 STEP   57 TIME=   1551.00  DAYS (   +31.0  DAYS REPT  3 ITS) (1-APR-2014)
  PAV=   156.9  BARSA  WCT=0.740 GOR=    21.69  SM3/SM3 WGR=   0.1314  SM3/SM3
   309 READING WCONINJH
   310 READING WCONHIST
   311 READING DATES
 STEP   58 TIME=   1581.00  DAYS (   +30.0  DAYS REPT  3 ITS) (1-MAY-2014)
  PAV=   156.9  BARSA  WCT=0.745 GOR=    21.69  SM3/SM3 WGR=   0.1349  SM3/SM3
   312 READING WCONINJH
   313 READING WCONHIST
   314 READING DATES
 STEP   59 TIME=   1612.00  DAYS (   +31.0  DAYS REPT  2 ITS) (1-JUN-2014)
  PAV=   156.9  BARSA  WCT=0.750 GOR=    21.69  SM3/SM3 WGR=   0.1385  SM3/SM3
   315 READING WCONINJH
   316 READING WCONHIST
   317 READING DATES
 STEP   60 TIME=   1642.00  DAYS (   +30.0  DAYS REPT  3 ITS) (1-JLY-2014)
  PAV=   156.9  BARSA  WCT=0.755 GOR=    21.69  SM3/SM3 WGR=   0.1419  SM3/SM3
   318 READING WCONINJH
   319 READING WCONHIST
   320 READING DATES
 STEP   61 TIME=   1673.00  DAYS (   +31.0  DAYS REPT  3 ITS) (1-AUG-2014)
  PAV=   156.9  BARSA  WCT=0.759 GOR=    21.69  SM3/SM3 WGR=   0.1455  SM3/SM3
   321 READING WCONINJH
   322 READING WCONHIST
   323 READING DATES
 STEP   62 TIME=   1704.00  DAYS (   +31.0  DAYS REPT  3 ITS) (1-SEP-2014)
  PAV=   156.9  BARSA  WCT=0.764 GOR=    21.69  SM3/SM3 WGR=   0.1492  SM3/SM3
   324 READING WCONINJH
   325 READING WCONHIST
   326 READING DATES
 STEP   63 TIME=   1734.00  DAYS (   +30.0  DAYS REPT  3 ITS) (1-OCT-2014)
  PAV=   156.9  BARSA  WCT=0.768 GOR=    21.69  SM3/SM3 WGR=   0.1528  SM3/SM3
   327 READING WCONINJH
   328 READING WCONHIST
   329 READING DATES
 STEP   64 TIME=   1765.00  DAYS (   +31.0  DAYS REPT  3 ITS) (1-NOV-2014)
  PAV=   156.9  BARSA  WCT=0.772 GOR=    21.69  SM3/SM3 WGR=   0.1565  SM3/SM3
   330 READING WCONINJH
   331 READING WCONHIST
   332 READING DATES
 STEP   65 TIME=   1795.00  DAYS (   +30.0  DAYS REPT  3 ITS) (1-DEC-2014)
  PAV=   156.9  BARSA  WCT=0.776 GOR=    21.69  SM3/SM3 WGR=   0.1602  SM3/SM3
   333 READING WCONINJH
   334 READING WCONHIST
   335 READING DATES
 STEP   66 TIME=   1826.00  DAYS (   +31.0  DAYS REPT  4 ITS) (1-JAN-2015)
  PAV=   156.9  BARSA  WCT=0.781 GOR=    21.69  SM3/SM3 WGR=   0.1640  SM3/SM3
   336 READING WCONINJH
   337 READING WCONHIST
   338 READING DATES
 STEP   67 TIME=   1857.00  DAYS (   +31.0  DAYS REPT  3 ITS) (1-FEB-2015)
  PAV=   156.9  BARSA  WCT=0.784 GOR=    21.69  SM3/SM3 WGR=   0.1678  SM3/SM3
   339 READING WCONINJH
   340 READING WCONHIST
   341 READING DATES
 STEP   68 TIME=   1885.00  DAYS (   +28.0  DAYS REPT  2 ITS) (1-MAR-2015)
  PAV=   156.9  BARSA  WCT=0.788 GOR=    21.69  SM3/SM3 WGR=   0.1712  SM3/SM3
   342 READING WCONINJH
   343 READING WCONHIST
   344 READING DATES
 STEP   69 TIME=   1916.00  DAYS (   +31.0  DAYS REPT  3 ITS) (1-APR-2015)
  PAV=   156.9  BARSA  WCT=0.792 GOR=    21.69  SM3/SM3 WGR=   0.1751  SM3/SM3
   345 READING WCONINJH
   346 READING WCONHIST
   347 READING DATES
 STEP   70 TIME=   1946.00  DAYS (   +30.0  DAYS REPT  4 ITS) (1-MAY-2015)
  PAV=   156.9  BARSA  WCT=0.795 GOR=    21.69  SM3/SM3 WGR=   0.1788  SM3/SM3
   348 READING WCONINJH
   349 READING WCONHIST
   350 READING DATES
 STEP   71 TIME=   1977.00  DAYS (   +31.0  DAYS REPT  3 ITS) (1-JUN-2015)
  PAV=   156.9  BARSA  WCT=0.798 GOR=    21.69  SM3/SM3 WGR=   0.1827  SM3/SM3
   351 READING WCONINJH
   352 READING WCONHIST
   353 READING DATES
 STEP   72 TIME=   2007.00  DAYS (   +30.0  DAYS REPT  2 ITS) (1-JLY-2015)
  PAV=   156.9  BARSA  WCT=0.802 GOR=    21.69  SM3/SM3 WGR=   0.1865  SM3/SM3
   354 READING WCONINJH
   355 READING WCONHIST
   356 READING DATES
 STEP   73 TIME=   2038.00  DAYS (   +31.0  DAYS REPT  2 ITS) (1-AUG-2015)
  PAV=   156.9  BARSA  WCT=0.805 GOR=    21.69  SM3/SM3 WGR=   0.1904  SM3/SM3
   357 READING WCONINJH
   358 READING WCONHIST
   359 READING DATES
 STEP   74 TIME=   2069.00  DAYS (   +31.0  DAYS REPT  2 ITS) (1-SEP-2015)
  PAV=   156.9  BARSA  WCT=0.808 GOR=    21.69  SM3/SM3 WGR=   0.1943  SM3/SM3
   360 READING WCONINJH
   361 READING WCONHIST
   362 READING DATES
 STEP   75 TIME=   2099.00  DAYS (   +30.0  DAYS REPT  4 ITS) (1-OCT-2015)
  PAV=   156.9  BARSA  WCT=0.811 GOR=    21.69  SM3/SM3 WGR=   0.1982  SM3/SM3
   363 READING WCONINJH
   364 READING WCONHIST
   365 READING DATES
 STEP   76 TIME=   2130.00  DAYS (   +31.0  DAYS REPT  2 ITS) (1-NOV-2015)
  PAV=   156.9  BARSA  WCT=0.814 GOR=    21.69  SM3/SM3 WGR=   0.2023  SM3/SM3
   366 READING WCONINJH
   367 READING WCONHIST
   368 READING DATES
 STEP   77 TIME=   2160.00  DAYS (   +30.0  DAYS REPT  2 ITS) (1-DEC-2015)
  PAV=   156.9  BARSA  WCT=0.817 GOR=    21.69  SM3/SM3 WGR=   0.2063  SM3/SM3
   369 READING WCONINJH
   370 READING WCONHIST
   371 READING DATES
 STEP   78 TIME=   2191.00  DAYS (   +31.0  DAYS REPT  2 ITS) (1-JAN-2016)
  PAV=   156.9  BARSA  WCT=0.820 GOR=    21.69  SM3/SM3 WGR=   0.2104  SM3/SM3
   372 READING WCONINJH
   373 READING WCONHIST
   374 READING DATES
 STEP   79 TIME=   2222.00  DAYS (   +31.0  DAYS REPT  3 ITS) (1-FEB-2016)
  PAV=   156.9  BARSA  WCT=0.823 GOR=    21.69  SM3/SM3 WGR=   0.2147  SM3/SM3
   375 READING WCONINJH
   376 READING WCONHIST
   377 READING DATES
 STEP   80 TIME=   2251.00  DAYS (   +29.0  DAYS REPT  2 ITS) (1-MAR-2016)
  PAV=   156.9  BARSA  WCT=0.826 GOR=    21.69  SM3/SM3 WGR=   0.2187  SM3/SM3
   378 READING WCONINJH
   379 READING WCONHIST
   380 READING DATES
 STEP   81 TIME=   2282.00  DAYS (   +31.0  DAYS REPT  3 ITS) (1-APR-2016)
  PAV=   156.9  BARSA  WCT=0.829 GOR=    21.69  SM3/SM3 WGR=   0.2230  SM3/SM3
   381 READING WCONINJH
   382 READING WCONHIST
   383 READING DATES
 STEP   82 TIME=   2312.00  DAYS (   +30.0  DAYS REPT  3 ITS) (1-MAY-2016)
  PAV=   156.9  BARSA  WCT=0.831 GOR=    21.69  SM3/SM3 WGR=   0.2273  SM3/SM3
   384 READING WCONINJH
   385 READING WCONHIST
   386 READING DATES
 STEP   83 TIME=   2343.00  DAYS (   +31.0  DAYS REPT  3 ITS) (1-JUN-2016)
  PAV=   156.9  BARSA  WCT=0.834 GOR=    21.69  SM3/SM3 WGR=   0.2317  SM3/SM3
   387 READING WCONINJH
   388 READING WCONHIST
   389 READING DATES
 STEP   84 TIME=   2373.00  DAYS (   +30.0  DAYS REPT  2 ITS) (1-JLY-2016)
  PAV=   156.9  BARSA  WCT=0.837 GOR=    21.69  SM3/SM3 WGR=   0.2360  SM3/SM3
   390 READING WCONINJH
   391 READING WCONHIST
   392 READING DATES
 STEP   85 TIME=   2404.00  DAYS (   +31.0  DAYS REPT  2 ITS) (1-AUG-2016)
  PAV=   156.9  BARSA  WCT=0.839 GOR=    21.69  SM3/SM3 WGR=   0.2405  SM3/SM3
   393 READING WCONINJH
   394 READING WCONHIST
   395 READING DATES
 STEP   86 TIME=   2435.00  DAYS (   +31.0  DAYS REPT  2 ITS) (1-SEP-2016)
  PAV=   156.8  BARSA  WCT=0.842 GOR=    21.69  SM3/SM3 WGR=   0.2451  SM3/SM3
   396 READING WCONINJH
   397 READING WCONHIST
   398 READING DATES
 STEP   87 TIME=   2465.00  DAYS (   +30.0  DAYS REPT  2 ITS) (1-OCT-2016)
  PAV=   156.8  BARSA  WCT=0.844 GOR=    21.69  SM3/SM3 WGR=   0.2496  SM3/SM3
   399 READING WCONINJH
   400 READING WCONHIST
   401 READING DATES
 STEP   88 TIME=   2496.00  DAYS (   +31.0  DAYS REPT  2 ITS) (1-NOV-2016)
  PAV=   156.8  BARSA  WCT=0.847 GOR=    21.69  SM3/SM3 WGR=   0.2543  SM3/SM3
   402 READING WCONINJH
   403 READING WCONHIST
   404 READING DATES
 STEP   89 TIME=   2526.00  DAYS (   +30.0  DAYS REPT  2 ITS) (1-DEC-2016)
  PAV=   156.8  BARSA  WCT=0.849 GOR=    21.69  SM3/SM3 WGR=   0.2589  SM3/SM3
               END OF INCLUDE FILE
   405 READING END
            9 Mbytes of storage required
   1.5326     KB/active cell
           31 Mbytes (image size)

 Error summary
 Comments               1
 Warnings               1
 Problems               0
 Errors                 0
 Bugs                   0
 Final cpu      11.49 elapsed      11.49
 Total number of time steps forced to be accepted          0



































































































































































































