REMOVE    . EVENT: EVENT_INIT_DATA_FILE.
REMOVE    . EVENT: EVENT_SET_RES_TABLES_WRITE_MASK.
START PROCESSING EVENT. EVENT: EVENT_SET_RES_TABLES_WRITE_MASK.
REMOVE    . EVENT: EVENT_SET_WATERFLOOD_CFG.
START PROCESSING EVENT. EVENT: EVENT_SET_WATERFLOOD_CFG.
REMOVE    . EVENT: EVENT_IMPORT_MAPS_FROM_BIN_FILE_IN_CORE.
START PROCESSING EVENT. EVENT: EVENT_IMPORT_MAPS_FROM_BIN_FILE_IN_CORE.
REMOVE    . EVENT: EVENT_GET_VIZ_WELL_STATUS.
START PROCESSING EVENT. EVENT: EVENT_GET_VIZ_WELL_STATUS.
REMOVE    . EVENT: EVENT_SET_WATERFLOOD_CFG.
START PROCESSING EVENT. EVENT: EVENT_SET_WATERFLOOD_CFG.
REMOVE    . EVENT: EVENT_SET_WATERFLOOD_CFG.
START PROCESSING EVENT. EVENT: EVENT_SET_WATERFLOOD_CFG.
REMOVE    . EVENT: EVENT_SET_WATERFLOOD_CFG.
START PROCESSING EVENT. EVENT: EVENT_SET_WATERFLOOD_CFG.
REMOVE    . EVENT: EVENT_SET_WATERFLOOD_CFG.
START PROCESSING EVENT. EVENT: EVENT_SET_WATERFLOOD_CFG.
REMOVE    . EVENT: EVENT_SET_WATERFLOOD_CFG.
START PROCESSING EVENT. EVENT: EVENT_SET_WATERFLOOD_CFG.
REMOVE    . EVENT: EVENT_PAUSE_DATA_FILE.
START PROCESSING EVENT. EVENT: EVENT_PAUSE_DATA_FILE.
REMOVE    . EVENT: EVENT_CALCULATE_2DHIST_ARRAYS.
START PROCESSING EVENT. EVENT: EVENT_CALCULATE_2DHIST_ARRAYS.
REMOVE    . EVENT: EVENT_INTERBLOCK_FLOWS_ON_OFF.
START PROCESSING EVENT. EVENT: EVENT_INTERBLOCK_FLOWS_ON_OFF.
REMOVE    . EVENT: EVENT_MINMAX_STRESS_ON_OFF.
START PROCESSING EVENT. EVENT: EVENT_MINMAX_STRESS_ON_OFF.
REMOVE    . EVENT: EVENT_INTERBLOCK_FLOWS_ON_OFF.
START PROCESSING EVENT. EVENT: EVENT_INTERBLOCK_FLOWS_ON_OFF.
REMOVE    . EVENT: EVENT_MINMAX_STRESS_ON_OFF.
START PROCESSING EVENT. EVENT: EVENT_MINMAX_STRESS_ON_OFF.
REMOVE    . EVENT: EVENT_ADD_USER_MAP_FROM_FILE.
START PROCESSING EVENT. EVENT: EVENT_ADD_USER_MAP_FROM_FILE.
REMOVE    . EVENT: EVENT_ADD_USER_MAP_FROM_FILE.
START PROCESSING EVENT. EVENT: EVENT_ADD_USER_MAP_FROM_FILE.
REMOVE    . EVENT: EVENT_FIND_EXISTING_ARITHMETIC_MAPS.
START PROCESSING EVENT. EVENT: EVENT_FIND_EXISTING_ARITHMETIC_MAPS.
REMOVE    . EVENT: EVENT_INTERBLOCK_FLOWS_ON_OFF.
START PROCESSING EVENT. EVENT: EVENT_INTERBLOCK_FLOWS_ON_OFF.
REMOVE    . EVENT: EVENT_MINMAX_STRESS_ON_OFF.
START PROCESSING EVENT. EVENT: EVENT_MINMAX_STRESS_ON_OFF.
REMOVE    . EVENT: EVENT_INTERBLOCK_FLOWS_ON_OFF.
START PROCESSING EVENT. EVENT: EVENT_INTERBLOCK_FLOWS_ON_OFF.
REMOVE    . EVENT: EVENT_MINMAX_STRESS_ON_OFF.
START PROCESSING EVENT. EVENT: EVENT_MINMAX_STRESS_ON_OFF.
REMOVE    . EVENT: EVENT_UPDATE_STREAMLINES_CFG.
START PROCESSING EVENT. EVENT: EVENT_UPDATE_STREAMLINES_CFG.
REMOVE    . EVENT: EVENT_INTERBLOCK_FLOWS_ON_OFF.
START PROCESSING EVENT. EVENT: EVENT_INTERBLOCK_FLOWS_ON_OFF.
REMOVE    . EVENT: EVENT_MINMAX_STRESS_ON_OFF.
START PROCESSING EVENT. EVENT: EVENT_MINMAX_STRESS_ON_OFF.
REMOVE    . EVENT: EVENT_INTERBLOCK_FLOWS_ON_OFF.
START PROCESSING EVENT. EVENT: EVENT_INTERBLOCK_FLOWS_ON_OFF.
REMOVE    . EVENT: EVENT_MINMAX_STRESS_ON_OFF.
START PROCESSING EVENT. EVENT: EVENT_MINMAX_STRESS_ON_OFF.
REMOVE    . EVENT: EVENT_SET_WATERFLOOD_CFG.
START PROCESSING EVENT. EVENT: EVENT_SET_WATERFLOOD_CFG.
REMOVE    . EVENT: EVENT_SET_WATERFLOOD_CFG.
START PROCESSING EVENT. EVENT: EVENT_SET_WATERFLOOD_CFG.
REMOVE    . EVENT: EVENT_INTERBLOCK_FLOWS_ON_OFF.
START PROCESSING EVENT. EVENT: EVENT_INTERBLOCK_FLOWS_ON_OFF.
REMOVE    . EVENT: EVENT_MINMAX_STRESS_ON_OFF.
START PROCESSING EVENT. EVENT: EVENT_MINMAX_STRESS_ON_OFF.
REMOVE    . EVENT: EVENT_INTERBLOCK_FLOWS_ON_OFF.
START PROCESSING EVENT. EVENT: EVENT_INTERBLOCK_FLOWS_ON_OFF.
REMOVE    . EVENT: EVENT_MINMAX_STRESS_ON_OFF.
START PROCESSING EVENT. EVENT: EVENT_MINMAX_STRESS_ON_OFF.
REMOVE    . EVENT: EVENT_INTERBLOCK_FLOWS_ON_OFF.
START PROCESSING EVENT. EVENT: EVENT_INTERBLOCK_FLOWS_ON_OFF.
REMOVE    . EVENT: EVENT_MINMAX_STRESS_ON_OFF.
START PROCESSING EVENT. EVENT: EVENT_MINMAX_STRESS_ON_OFF.
REMOVE    . EVENT: EVENT_SET_WATERFLOOD_CFG.
START PROCESSING EVENT. EVENT: EVENT_SET_WATERFLOOD_CFG.
REMOVE    . EVENT: EVENT_SET_WATERFLOOD_CFG.
START PROCESSING EVENT. EVENT: EVENT_SET_WATERFLOOD_CFG.
REMOVE    . EVENT: EVENT_INTERBLOCK_FLOWS_ON_OFF.
START PROCESSING EVENT. EVENT: EVENT_INTERBLOCK_FLOWS_ON_OFF.
REMOVE    . EVENT: EVENT_MINMAX_STRESS_ON_OFF.
START PROCESSING EVENT. EVENT: EVENT_MINMAX_STRESS_ON_OFF.
REMOVE    . EVENT: EVENT_INTERBLOCK_FLOWS_ON_OFF.
START PROCESSING EVENT. EVENT: EVENT_INTERBLOCK_FLOWS_ON_OFF.
REMOVE    . EVENT: EVENT_MINMAX_STRESS_ON_OFF.
START PROCESSING EVENT. EVENT: EVENT_MINMAX_STRESS_ON_OFF.
REMOVE    . EVENT: EVENT_SET_WATERFLOOD_CFG.
START PROCESSING EVENT. EVENT: EVENT_SET_WATERFLOOD_CFG.
REMOVE    . EVENT: EVENT_SET_WATERFLOOD_CFG.
START PROCESSING EVENT. EVENT: EVENT_SET_WATERFLOOD_CFG.
REMOVE    . EVENT: EVENT_EXIT.
START PROCESSING EVENT. EVENT: EVENT_EXIT.
